<?xml version="1.0" encoding="UTF-8"?>
<testng-results ignored="0" total="2" passed="2" failed="0" skipped="0">
  <reporter-output>
  </reporter-output>
  <suite started-at="2023-07-19T14:06:29 IST" name="Suite" finished-at="2023-07-19T14:11:05 IST" duration-ms="276102">
    <groups>
    </groups>
    <test started-at="2023-07-19T14:06:29 IST" name="FilpcartTest" finished-at="2023-07-19T14:07:58 IST" duration-ms="89069">
      <class name="pompkg.ChromeBrowserOpening">
        <test-method signature="m2()[pri:0, instance:pompkg.ChromeBrowserOpening@2145b572]" started-at="2023-07-19T14:06:29 IST" name="m2" finished-at="2023-07-19T14:07:58 IST" duration-ms="88979" status="PASS">
          <reporter-output>
          </reporter-output>
        </test-method> <!-- m2 -->
      </class> <!-- pompkg.ChromeBrowserOpening -->
    </test> <!-- FilpcartTest -->
    <test started-at="2023-07-19T14:07:59 IST" name="youtubeTest" finished-at="2023-07-19T14:11:05 IST" duration-ms="186275">
      <class name="pompkg.OpeningCode">
        <test-method signature="m1()[pri:0, instance:pompkg.OpeningCode@2e005c4b]" started-at="2023-07-19T14:07:59 IST" name="m1" finished-at="2023-07-19T14:11:05 IST" duration-ms="186271" status="PASS">
          <reporter-output>
          </reporter-output>
        </test-method> <!-- m1 -->
      </class> <!-- pompkg.OpeningCode -->
    </test> <!-- youtubeTest -->
  </suite> <!-- Suite -->
</testng-results>
