<?xml version="1.0" encoding="UTF-8"?>
<testng-results ignored="0" total="2" passed="2" failed="0" skipped="0">
  <reporter-output>
  </reporter-output>
  <suite started-at="2023-07-19T13:20:00 IST" name="Suite" finished-at="2023-07-19T13:23:17 IST" duration-ms="196503">
    <groups>
    </groups>
    <test started-at="2023-07-19T13:20:00 IST" name="FilpcartTest" finished-at="2023-07-19T13:20:54 IST" duration-ms="53618">
      <class name="pompkg.ChromeBrowserOpening">
        <test-method signature="m2()[pri:0, instance:pompkg.ChromeBrowserOpening@5403f35f]" started-at="2023-07-19T13:20:00 IST" name="m2" finished-at="2023-07-19T13:20:54 IST" duration-ms="53557" status="PASS">
          <reporter-output>
          </reporter-output>
        </test-method> <!-- m2 -->
      </class> <!-- pompkg.ChromeBrowserOpening -->
    </test> <!-- FilpcartTest -->
    <test started-at="2023-07-19T13:20:55 IST" name="youtubeTest" finished-at="2023-07-19T13:23:17 IST" duration-ms="141421">
      <class name="pompkg.OpeningCode">
        <test-method signature="m1()[pri:0, instance:pompkg.OpeningCode@31fa1761]" started-at="2023-07-19T13:20:55 IST" name="m1" finished-at="2023-07-19T13:23:17 IST" duration-ms="141417" status="PASS">
          <reporter-output>
          </reporter-output>
        </test-method> <!-- m1 -->
      </class> <!-- pompkg.OpeningCode -->
    </test> <!-- youtubeTest -->
  </suite> <!-- Suite -->
</testng-results>
